<?xml version="1.0" encoding="UTF-8"?>
<testng-results ignored="0" total="6" passed="4" failed="2" skipped="0">
  <reporter-output>
  </reporter-output>
  <suite started-at="2024-01-30T14:58:48 IST" name="Suite" finished-at="2024-01-30T15:09:02 IST" duration-ms="613459">
    <groups>
    </groups>
    <test started-at="2024-01-30T14:58:48 IST" name="Chrome_Test" finished-at="2024-01-30T15:00:19 IST" duration-ms="90487">
      <class name="Pac_2_Testng.Assignment_casestudy2">
        <test-method is-config="true" signature="beforeTest()[pri:0, instance:Pac_2_Testng.Assignment_casestudy2@433defed]" started-at="2024-01-30T14:58:48 IST" name="beforeTest" finished-at="2024-01-30T14:58:48 IST" duration-ms="2" status="PASS">
          <reporter-output>
          </reporter-output>
        </test-method> <!-- beforeTest -->
        <test-method is-config="true" signature="beforeClass()[pri:0, instance:Pac_2_Testng.Assignment_casestudy2@433defed]" started-at="2024-01-30T14:58:48 IST" name="beforeClass" finished-at="2024-01-30T14:58:48 IST" duration-ms="1" status="PASS">
          <reporter-output>
          </reporter-output>
        </test-method> <!-- beforeClass -->
        <test-method is-config="true" signature="beforeMethod(java.lang.String)[pri:0, instance:Pac_2_Testng.Assignment_casestudy2@433defed]" started-at="2024-01-30T14:58:52 IST" name="beforeMethod" finished-at="2024-01-30T14:59:13 IST" duration-ms="21220" status="PASS">
          <params>
            <param index="0">
              <value>
                <![CDATA[chrome]]>
              </value>
            </param>
          </params>
          <reporter-output>
          </reporter-output>
        </test-method> <!-- beforeMethod -->
        <test-method signature="f(java.lang.String,java.lang.String)[pri:0, instance:Pac_2_Testng.Assignment_casestudy2@433defed]" started-at="2024-01-30T14:59:13 IST" name="f" data-provider="dp" finished-at="2024-01-30T14:59:46 IST" duration-ms="32889" status="PASS">
          <params>
            <param index="0">
              <value>
                <![CDATA[shekhar@gmail.com]]>
              </value>
            </param>
            <param index="1">
              <value>
                <![CDATA[Shekhar123@]]>
              </value>
            </param>
          </params>
          <reporter-output>
          </reporter-output>
        </test-method> <!-- f -->
        <test-method is-config="true" signature="afterMethod()[pri:0, instance:Pac_2_Testng.Assignment_casestudy2@433defed]" started-at="2024-01-30T14:59:46 IST" name="afterMethod" finished-at="2024-01-30T14:59:46 IST" duration-ms="0" status="PASS">
          <reporter-output>
          </reporter-output>
        </test-method> <!-- afterMethod -->
        <test-method is-config="true" signature="beforeMethod(java.lang.String)[pri:0, instance:Pac_2_Testng.Assignment_casestudy2@433defed]" started-at="2024-01-30T14:59:46 IST" name="beforeMethod" finished-at="2024-01-30T14:59:58 IST" duration-ms="11114" status="PASS">
          <params>
            <param index="0">
              <value>
                <![CDATA[chrome]]>
              </value>
            </param>
          </params>
          <reporter-output>
          </reporter-output>
        </test-method> <!-- beforeMethod -->
        <test-method signature="f(java.lang.String,java.lang.String)[pri:0, instance:Pac_2_Testng.Assignment_casestudy2@433defed]" started-at="2024-01-30T14:59:58 IST" name="f" data-provider="dp" finished-at="2024-01-30T15:00:19 IST" duration-ms="21151" status="PASS">
          <params>
            <param index="0">
              <value>
                <![CDATA[aniket@gmail.com]]>
              </value>
            </param>
            <param index="1">
              <value>
                <![CDATA[Aniket123@]]>
              </value>
            </param>
          </params>
          <reporter-output>
          </reporter-output>
        </test-method> <!-- f -->
        <test-method is-config="true" signature="afterMethod()[pri:0, instance:Pac_2_Testng.Assignment_casestudy2@433defed]" started-at="2024-01-30T15:00:19 IST" name="afterMethod" finished-at="2024-01-30T15:00:19 IST" duration-ms="0" status="PASS">
          <reporter-output>
          </reporter-output>
        </test-method> <!-- afterMethod -->
        <test-method is-config="true" signature="afterClass()[pri:0, instance:Pac_2_Testng.Assignment_casestudy2@433defed]" started-at="2024-01-30T15:00:19 IST" name="afterClass" finished-at="2024-01-30T15:00:19 IST" duration-ms="0" status="PASS">
          <reporter-output>
          </reporter-output>
        </test-method> <!-- afterClass -->
        <test-method is-config="true" signature="afterTest()[pri:0, instance:Pac_2_Testng.Assignment_casestudy2@433defed]" started-at="2024-01-30T15:00:19 IST" name="afterTest" finished-at="2024-01-30T15:00:19 IST" duration-ms="0" status="PASS">
          <reporter-output>
          </reporter-output>
        </test-method> <!-- afterTest -->
      </class> <!-- Pac_2_Testng.Assignment_casestudy2 -->
    </test> <!-- Chrome_Test -->
    <test started-at="2024-01-30T15:00:19 IST" name="Firefox_Test" finished-at="2024-01-30T15:03:59 IST" duration-ms="219978">
      <class name="Pac_2_Testng.Assignment_casestudy2">
        <test-method is-config="true" signature="beforeTest()[pri:0, instance:Pac_2_Testng.Assignment_casestudy2@38467116]" started-at="2024-01-30T15:00:19 IST" name="beforeTest" finished-at="2024-01-30T15:00:19 IST" duration-ms="0" status="PASS">
          <reporter-output>
          </reporter-output>
        </test-method> <!-- beforeTest -->
        <test-method is-config="true" signature="beforeClass()[pri:0, instance:Pac_2_Testng.Assignment_casestudy2@38467116]" started-at="2024-01-30T15:00:19 IST" name="beforeClass" finished-at="2024-01-30T15:00:19 IST" duration-ms="1" status="PASS">
          <reporter-output>
          </reporter-output>
        </test-method> <!-- beforeClass -->
        <test-method is-config="true" signature="beforeMethod(java.lang.String)[pri:0, instance:Pac_2_Testng.Assignment_casestudy2@38467116]" started-at="2024-01-30T15:00:19 IST" name="beforeMethod" finished-at="2024-01-30T15:01:05 IST" duration-ms="45652" status="PASS">
          <params>
            <param index="0">
              <value>
                <![CDATA[firefox]]>
              </value>
            </param>
          </params>
          <reporter-output>
          </reporter-output>
        </test-method> <!-- beforeMethod -->
        <test-method signature="f(java.lang.String,java.lang.String)[pri:0, instance:Pac_2_Testng.Assignment_casestudy2@38467116]" started-at="2024-01-30T15:01:05 IST" name="f" data-provider="dp" finished-at="2024-01-30T15:01:32 IST" duration-ms="27890" status="FAIL">
          <params>
            <param index="0">
              <value>
                <![CDATA[shekhar@gmail.com]]>
              </value>
            </param>
            <param index="1">
              <value>
                <![CDATA[Shekhar123@]]>
              </value>
            </param>
          </params>
          <exception class="org.openqa.selenium.NoSuchElementException">
            <message>
              <![CDATA[Unable to locate element: //*[@id="ui-id-5"]/span[2]
For documentation on this error, please visit: https://www.selenium.dev/documentation/webdriver/troubleshooting/errors#no-such-element-exception
Build info: version: '4.16.1', revision: '9b4c83354e'
System info: os.name: 'Windows 10', os.arch: 'amd64', os.version: '10.0', java.version: '17.0.9'
Driver info: org.openqa.selenium.firefox.FirefoxDriver
Command: [55891b04-28d4-47e1-8e4a-d49241aaa061, findElement {using=xpath, value=//*[@id="ui-id-5"]/span[2]}]
Capabilities {acceptInsecureCerts: true, browserName: firefox, browserVersion: 121.0, moz:accessibilityChecks: false, moz:buildID: 20231211174248, moz:debuggerAddress: 127.0.0.1:11613, moz:geckodriverVersion: 0.34.0, moz:headless: false, moz:platformVersion: 10.0, moz:processID: 28556, moz:profile: C:\Users\BHUSHA~1.JOS\AppDa..., moz:shutdownTimeout: 60000, moz:webdriverClick: true, moz:windowless: false, pageLoadStrategy: normal, platformName: windows, proxy: Proxy(), se:cdp: ws://127.0.0.1:11613/devtoo..., se:cdpVersion: 85.0, setWindowRect: true, strictFileInteractability: false, timeouts: {implicit: 0, pageLoad: 300000, script: 30000}, unhandledPromptBehavior: dismiss and notify}
Session ID: 55891b04-28d4-47e1-8e4a-d49241aaa061]]>
            </message>
            <full-stacktrace>
              <![CDATA[org.openqa.selenium.NoSuchElementException: Unable to locate element: //*[@id="ui-id-5"]/span[2]
For documentation on this error, please visit: https://www.selenium.dev/documentation/webdriver/troubleshooting/errors#no-such-element-exception
Build info: version: '4.16.1', revision: '9b4c83354e'
System info: os.name: 'Windows 10', os.arch: 'amd64', os.version: '10.0', java.version: '17.0.9'
Driver info: org.openqa.selenium.firefox.FirefoxDriver
Command: [55891b04-28d4-47e1-8e4a-d49241aaa061, findElement {using=xpath, value=//*[@id="ui-id-5"]/span[2]}]
Capabilities {acceptInsecureCerts: true, browserName: firefox, browserVersion: 121.0, moz:accessibilityChecks: false, moz:buildID: 20231211174248, moz:debuggerAddress: 127.0.0.1:11613, moz:geckodriverVersion: 0.34.0, moz:headless: false, moz:platformVersion: 10.0, moz:processID: 28556, moz:profile: C:\Users\BHUSHA~1.JOS\AppDa..., moz:shutdownTimeout: 60000, moz:webdriverClick: true, moz:windowless: false, pageLoadStrategy: normal, platformName: windows, proxy: Proxy(), se:cdp: ws://127.0.0.1:11613/devtoo..., se:cdpVersion: 85.0, setWindowRect: true, strictFileInteractability: false, timeouts: {implicit: 0, pageLoad: 300000, script: 30000}, unhandledPromptBehavior: dismiss and notify}
Session ID: 55891b04-28d4-47e1-8e4a-d49241aaa061
at java.base/jdk.internal.reflect.NativeConstructorAccessorImpl.newInstance0(Native Method)
at java.base/jdk.internal.reflect.NativeConstructorAccessorImpl.newInstance(NativeConstructorAccessorImpl.java:77)
at java.base/jdk.internal.reflect.DelegatingConstructorAccessorImpl.newInstance(DelegatingConstructorAccessorImpl.java:45)
at java.base/java.lang.reflect.Constructor.newInstanceWithCaller(Constructor.java:499)
at java.base/java.lang.reflect.Constructor.newInstance(Constructor.java:480)
at org.openqa.selenium.remote.codec.w3c.W3CHttpResponseCodec.createException(W3CHttpResponseCodec.java:200)
at org.openqa.selenium.remote.codec.w3c.W3CHttpResponseCodec.decode(W3CHttpResponseCodec.java:133)
at org.openqa.selenium.remote.codec.w3c.W3CHttpResponseCodec.decode(W3CHttpResponseCodec.java:52)
at org.openqa.selenium.remote.HttpCommandExecutor.execute(HttpCommandExecutor.java:191)
at org.openqa.selenium.remote.service.DriverCommandExecutor.invokeExecute(DriverCommandExecutor.java:200)
at org.openqa.selenium.remote.service.DriverCommandExecutor.execute(DriverCommandExecutor.java:175)
at org.openqa.selenium.remote.RemoteWebDriver.execute(RemoteWebDriver.java:523)
at org.openqa.selenium.remote.ElementLocation$ElementFinder$2.findElement(ElementLocation.java:165)
at org.openqa.selenium.remote.ElementLocation.findElement(ElementLocation.java:59)
at org.openqa.selenium.remote.RemoteWebDriver.findElement(RemoteWebDriver.java:360)
at org.openqa.selenium.remote.RemoteWebDriver.findElement(RemoteWebDriver.java:354)
at Pac_2_Testng.Assignment_POM_Casestudy_2.menshopclick(Assignment_POM_Casestudy_2.java:61)
at Pac_2_Testng.Assignment_casestudy2.f(Assignment_casestudy2.java:138)
at java.base/jdk.internal.reflect.NativeMethodAccessorImpl.invoke0(Native Method)
at java.base/jdk.internal.reflect.NativeMethodAccessorImpl.invoke(NativeMethodAccessorImpl.java:77)
at java.base/jdk.internal.reflect.DelegatingMethodAccessorImpl.invoke(DelegatingMethodAccessorImpl.java:43)
at java.base/java.lang.reflect.Method.invoke(Method.java:568)
at org.testng.internal.invokers.MethodInvocationHelper.invokeMethod(MethodInvocationHelper.java:139)
at org.testng.internal.invokers.TestInvoker.invokeMethod(TestInvoker.java:664)
at org.testng.internal.invokers.TestInvoker.invokeTestMethod(TestInvoker.java:227)
at org.testng.internal.invokers.MethodRunner.runInSequence(MethodRunner.java:50)
at org.testng.internal.invokers.TestInvoker$MethodInvocationAgent.invoke(TestInvoker.java:957)
at org.testng.internal.invokers.TestInvoker.invokeTestMethods(TestInvoker.java:200)
at org.testng.internal.invokers.TestMethodWorker.invokeTestMethods(TestMethodWorker.java:148)
at org.testng.internal.invokers.TestMethodWorker.run(TestMethodWorker.java:128)
at java.base/java.util.ArrayList.forEach(ArrayList.java:1511)
at org.testng.TestRunner.privateRun(TestRunner.java:848)
at org.testng.TestRunner.run(TestRunner.java:621)
at org.testng.SuiteRunner.runTest(SuiteRunner.java:443)
at org.testng.SuiteRunner.runSequentially(SuiteRunner.java:437)
at org.testng.SuiteRunner.privateRun(SuiteRunner.java:397)
at org.testng.SuiteRunner.run(SuiteRunner.java:336)
at org.testng.SuiteRunnerWorker.runSuite(SuiteRunnerWorker.java:52)
at org.testng.SuiteRunnerWorker.run(SuiteRunnerWorker.java:95)
at org.testng.TestNG.runSuitesSequentially(TestNG.java:1280)
at org.testng.TestNG.runSuitesLocally(TestNG.java:1200)
at org.testng.TestNG.runSuites(TestNG.java:1114)
at org.testng.TestNG.run(TestNG.java:1082)
at org.testng.remote.AbstractRemoteTestNG.run(AbstractRemoteTestNG.java:115)
at org.testng.remote.RemoteTestNG.initAndRun(RemoteTestNG.java:251)
at org.testng.remote.RemoteTestNG.main(RemoteTestNG.java:77)
]]>
            </full-stacktrace>
          </exception> <!-- org.openqa.selenium.NoSuchElementException -->
          <reporter-output>
          </reporter-output>
        </test-method> <!-- f -->
        <test-method is-config="true" signature="afterMethod()[pri:0, instance:Pac_2_Testng.Assignment_casestudy2@38467116]" started-at="2024-01-30T15:01:32 IST" name="afterMethod" finished-at="2024-01-30T15:01:32 IST" duration-ms="1" status="PASS">
          <reporter-output>
          </reporter-output>
        </test-method> <!-- afterMethod -->
        <test-method is-config="true" signature="beforeMethod(java.lang.String)[pri:0, instance:Pac_2_Testng.Assignment_casestudy2@38467116]" started-at="2024-01-30T15:01:32 IST" name="beforeMethod" finished-at="2024-01-30T15:03:17 IST" duration-ms="104489" status="PASS">
          <params>
            <param index="0">
              <value>
                <![CDATA[firefox]]>
              </value>
            </param>
          </params>
          <reporter-output>
          </reporter-output>
        </test-method> <!-- beforeMethod -->
        <test-method signature="f(java.lang.String,java.lang.String)[pri:0, instance:Pac_2_Testng.Assignment_casestudy2@38467116]" started-at="2024-01-30T15:03:17 IST" name="f" data-provider="dp" finished-at="2024-01-30T15:03:59 IST" duration-ms="41774" status="FAIL">
          <params>
            <param index="0">
              <value>
                <![CDATA[aniket@gmail.com]]>
              </value>
            </param>
            <param index="1">
              <value>
                <![CDATA[Aniket123@]]>
              </value>
            </param>
          </params>
          <exception class="org.openqa.selenium.NoSuchElementException">
            <message>
              <![CDATA[Unable to locate element: //*[@id="ui-id-5"]/span[2]
For documentation on this error, please visit: https://www.selenium.dev/documentation/webdriver/troubleshooting/errors#no-such-element-exception
Build info: version: '4.16.1', revision: '9b4c83354e'
System info: os.name: 'Windows 10', os.arch: 'amd64', os.version: '10.0', java.version: '17.0.9'
Driver info: org.openqa.selenium.firefox.FirefoxDriver
Command: [31af2371-faf2-4095-8c00-c2e151ff62d3, findElement {using=xpath, value=//*[@id="ui-id-5"]/span[2]}]
Capabilities {acceptInsecureCerts: true, browserName: firefox, browserVersion: 121.0, moz:accessibilityChecks: false, moz:buildID: 20231211174248, moz:debuggerAddress: 127.0.0.1:21165, moz:geckodriverVersion: 0.34.0, moz:headless: false, moz:platformVersion: 10.0, moz:processID: 42292, moz:profile: C:\Users\BHUSHA~1.JOS\AppDa..., moz:shutdownTimeout: 60000, moz:webdriverClick: true, moz:windowless: false, pageLoadStrategy: normal, platformName: windows, proxy: Proxy(), se:cdp: ws://127.0.0.1:21165/devtoo..., se:cdpVersion: 85.0, setWindowRect: true, strictFileInteractability: false, timeouts: {implicit: 0, pageLoad: 300000, script: 30000}, unhandledPromptBehavior: dismiss and notify}
Session ID: 31af2371-faf2-4095-8c00-c2e151ff62d3]]>
            </message>
            <full-stacktrace>
              <![CDATA[org.openqa.selenium.NoSuchElementException: Unable to locate element: //*[@id="ui-id-5"]/span[2]
For documentation on this error, please visit: https://www.selenium.dev/documentation/webdriver/troubleshooting/errors#no-such-element-exception
Build info: version: '4.16.1', revision: '9b4c83354e'
System info: os.name: 'Windows 10', os.arch: 'amd64', os.version: '10.0', java.version: '17.0.9'
Driver info: org.openqa.selenium.firefox.FirefoxDriver
Command: [31af2371-faf2-4095-8c00-c2e151ff62d3, findElement {using=xpath, value=//*[@id="ui-id-5"]/span[2]}]
Capabilities {acceptInsecureCerts: true, browserName: firefox, browserVersion: 121.0, moz:accessibilityChecks: false, moz:buildID: 20231211174248, moz:debuggerAddress: 127.0.0.1:21165, moz:geckodriverVersion: 0.34.0, moz:headless: false, moz:platformVersion: 10.0, moz:processID: 42292, moz:profile: C:\Users\BHUSHA~1.JOS\AppDa..., moz:shutdownTimeout: 60000, moz:webdriverClick: true, moz:windowless: false, pageLoadStrategy: normal, platformName: windows, proxy: Proxy(), se:cdp: ws://127.0.0.1:21165/devtoo..., se:cdpVersion: 85.0, setWindowRect: true, strictFileInteractability: false, timeouts: {implicit: 0, pageLoad: 300000, script: 30000}, unhandledPromptBehavior: dismiss and notify}
Session ID: 31af2371-faf2-4095-8c00-c2e151ff62d3
at java.base/jdk.internal.reflect.NativeConstructorAccessorImpl.newInstance0(Native Method)
at java.base/jdk.internal.reflect.NativeConstructorAccessorImpl.newInstance(NativeConstructorAccessorImpl.java:77)
at java.base/jdk.internal.reflect.DelegatingConstructorAccessorImpl.newInstance(DelegatingConstructorAccessorImpl.java:45)
at java.base/java.lang.reflect.Constructor.newInstanceWithCaller(Constructor.java:499)
at java.base/java.lang.reflect.Constructor.newInstance(Constructor.java:480)
at org.openqa.selenium.remote.codec.w3c.W3CHttpResponseCodec.createException(W3CHttpResponseCodec.java:200)
at org.openqa.selenium.remote.codec.w3c.W3CHttpResponseCodec.decode(W3CHttpResponseCodec.java:133)
at org.openqa.selenium.remote.codec.w3c.W3CHttpResponseCodec.decode(W3CHttpResponseCodec.java:52)
at org.openqa.selenium.remote.HttpCommandExecutor.execute(HttpCommandExecutor.java:191)
at org.openqa.selenium.remote.service.DriverCommandExecutor.invokeExecute(DriverCommandExecutor.java:200)
at org.openqa.selenium.remote.service.DriverCommandExecutor.execute(DriverCommandExecutor.java:175)
at org.openqa.selenium.remote.RemoteWebDriver.execute(RemoteWebDriver.java:523)
at org.openqa.selenium.remote.ElementLocation$ElementFinder$2.findElement(ElementLocation.java:165)
at org.openqa.selenium.remote.ElementLocation.findElement(ElementLocation.java:59)
at org.openqa.selenium.remote.RemoteWebDriver.findElement(RemoteWebDriver.java:360)
at org.openqa.selenium.remote.RemoteWebDriver.findElement(RemoteWebDriver.java:354)
at Pac_2_Testng.Assignment_POM_Casestudy_2.menshopclick(Assignment_POM_Casestudy_2.java:61)
at Pac_2_Testng.Assignment_casestudy2.f(Assignment_casestudy2.java:138)
at java.base/jdk.internal.reflect.NativeMethodAccessorImpl.invoke0(Native Method)
at java.base/jdk.internal.reflect.NativeMethodAccessorImpl.invoke(NativeMethodAccessorImpl.java:77)
at java.base/jdk.internal.reflect.DelegatingMethodAccessorImpl.invoke(DelegatingMethodAccessorImpl.java:43)
at java.base/java.lang.reflect.Method.invoke(Method.java:568)
at org.testng.internal.invokers.MethodInvocationHelper.invokeMethod(MethodInvocationHelper.java:139)
at org.testng.internal.invokers.TestInvoker.invokeMethod(TestInvoker.java:664)
at org.testng.internal.invokers.TestInvoker.invokeTestMethod(TestInvoker.java:227)
at org.testng.internal.invokers.MethodRunner.runInSequence(MethodRunner.java:50)
at org.testng.internal.invokers.TestInvoker$MethodInvocationAgent.invoke(TestInvoker.java:957)
at org.testng.internal.invokers.TestInvoker.invokeTestMethods(TestInvoker.java:200)
at org.testng.internal.invokers.TestMethodWorker.invokeTestMethods(TestMethodWorker.java:148)
at org.testng.internal.invokers.TestMethodWorker.run(TestMethodWorker.java:128)
at java.base/java.util.ArrayList.forEach(ArrayList.java:1511)
at org.testng.TestRunner.privateRun(TestRunner.java:848)
at org.testng.TestRunner.run(TestRunner.java:621)
at org.testng.SuiteRunner.runTest(SuiteRunner.java:443)
at org.testng.SuiteRunner.runSequentially(SuiteRunner.java:437)
at org.testng.SuiteRunner.privateRun(SuiteRunner.java:397)
at org.testng.SuiteRunner.run(SuiteRunner.java:336)
at org.testng.SuiteRunnerWorker.runSuite(SuiteRunnerWorker.java:52)
at org.testng.SuiteRunnerWorker.run(SuiteRunnerWorker.java:95)
at org.testng.TestNG.runSuitesSequentially(TestNG.java:1280)
at org.testng.TestNG.runSuitesLocally(TestNG.java:1200)
at org.testng.TestNG.runSuites(TestNG.java:1114)
at org.testng.TestNG.run(TestNG.java:1082)
at org.testng.remote.AbstractRemoteTestNG.run(AbstractRemoteTestNG.java:115)
at org.testng.remote.RemoteTestNG.initAndRun(RemoteTestNG.java:251)
at org.testng.remote.RemoteTestNG.main(RemoteTestNG.java:77)
]]>
            </full-stacktrace>
          </exception> <!-- org.openqa.selenium.NoSuchElementException -->
          <reporter-output>
          </reporter-output>
        </test-method> <!-- f -->
        <test-method is-config="true" signature="afterMethod()[pri:0, instance:Pac_2_Testng.Assignment_casestudy2@38467116]" started-at="2024-01-30T15:03:59 IST" name="afterMethod" finished-at="2024-01-30T15:03:59 IST" duration-ms="1" status="PASS">
          <reporter-output>
          </reporter-output>
        </test-method> <!-- afterMethod -->
        <test-method is-config="true" signature="afterClass()[pri:0, instance:Pac_2_Testng.Assignment_casestudy2@38467116]" started-at="2024-01-30T15:03:59 IST" name="afterClass" finished-at="2024-01-30T15:03:59 IST" duration-ms="1" status="PASS">
          <reporter-output>
          </reporter-output>
        </test-method> <!-- afterClass -->
        <test-method is-config="true" signature="afterTest()[pri:0, instance:Pac_2_Testng.Assignment_casestudy2@38467116]" started-at="2024-01-30T15:03:59 IST" name="afterTest" finished-at="2024-01-30T15:03:59 IST" duration-ms="2" status="PASS">
          <reporter-output>
          </reporter-output>
        </test-method> <!-- afterTest -->
      </class> <!-- Pac_2_Testng.Assignment_casestudy2 -->
    </test> <!-- Firefox_Test -->
    <test started-at="2024-01-30T15:03:59 IST" name="Edge_Test" finished-at="2024-01-30T15:09:02 IST" duration-ms="302412">
      <class name="Pac_2_Testng.Assignment_casestudy2">
        <test-method is-config="true" signature="beforeSuite()[pri:0, instance:Pac_2_Testng.Assignment_casestudy2@790da477]" started-at="2024-01-30T14:58:48 IST" name="beforeSuite" finished-at="2024-01-30T14:58:48 IST" duration-ms="42" status="PASS">
          <reporter-output>
          </reporter-output>
        </test-method> <!-- beforeSuite -->
        <test-method is-config="true" signature="beforeTest()[pri:0, instance:Pac_2_Testng.Assignment_casestudy2@790da477]" started-at="2024-01-30T15:03:59 IST" name="beforeTest" finished-at="2024-01-30T15:03:59 IST" duration-ms="8" status="PASS">
          <reporter-output>
          </reporter-output>
        </test-method> <!-- beforeTest -->
        <test-method is-config="true" signature="beforeClass()[pri:0, instance:Pac_2_Testng.Assignment_casestudy2@790da477]" started-at="2024-01-30T15:03:59 IST" name="beforeClass" finished-at="2024-01-30T15:03:59 IST" duration-ms="2" status="PASS">
          <reporter-output>
          </reporter-output>
        </test-method> <!-- beforeClass -->
        <test-method is-config="true" signature="beforeMethod(java.lang.String)[pri:0, instance:Pac_2_Testng.Assignment_casestudy2@790da477]" started-at="2024-01-30T15:04:00 IST" name="beforeMethod" finished-at="2024-01-30T15:05:42 IST" duration-ms="101676" status="PASS">
          <params>
            <param index="0">
              <value>
                <![CDATA[edge]]>
              </value>
            </param>
          </params>
          <reporter-output>
          </reporter-output>
        </test-method> <!-- beforeMethod -->
        <test-method signature="f(java.lang.String,java.lang.String)[pri:0, instance:Pac_2_Testng.Assignment_casestudy2@790da477]" started-at="2024-01-30T15:05:42 IST" name="f" data-provider="dp" finished-at="2024-01-30T15:06:41 IST" duration-ms="59083" status="PASS">
          <params>
            <param index="0">
              <value>
                <![CDATA[shekhar@gmail.com]]>
              </value>
            </param>
            <param index="1">
              <value>
                <![CDATA[Shekhar123@]]>
              </value>
            </param>
          </params>
          <reporter-output>
          </reporter-output>
        </test-method> <!-- f -->
        <test-method is-config="true" signature="afterMethod()[pri:0, instance:Pac_2_Testng.Assignment_casestudy2@790da477]" started-at="2024-01-30T15:06:41 IST" name="afterMethod" finished-at="2024-01-30T15:06:41 IST" duration-ms="7" status="PASS">
          <reporter-output>
          </reporter-output>
        </test-method> <!-- afterMethod -->
        <test-method is-config="true" signature="beforeMethod(java.lang.String)[pri:0, instance:Pac_2_Testng.Assignment_casestudy2@790da477]" started-at="2024-01-30T15:06:41 IST" name="beforeMethod" finished-at="2024-01-30T15:08:11 IST" duration-ms="89866" status="PASS">
          <params>
            <param index="0">
              <value>
                <![CDATA[edge]]>
              </value>
            </param>
          </params>
          <reporter-output>
          </reporter-output>
        </test-method> <!-- beforeMethod -->
        <test-method signature="f(java.lang.String,java.lang.String)[pri:0, instance:Pac_2_Testng.Assignment_casestudy2@790da477]" started-at="2024-01-30T15:08:11 IST" name="f" data-provider="dp" finished-at="2024-01-30T15:09:02 IST" duration-ms="50741" status="PASS">
          <params>
            <param index="0">
              <value>
                <![CDATA[aniket@gmail.com]]>
              </value>
            </param>
            <param index="1">
              <value>
                <![CDATA[Aniket123@]]>
              </value>
            </param>
          </params>
          <reporter-output>
          </reporter-output>
        </test-method> <!-- f -->
        <test-method is-config="true" signature="afterMethod()[pri:0, instance:Pac_2_Testng.Assignment_casestudy2@790da477]" started-at="2024-01-30T15:09:02 IST" name="afterMethod" finished-at="2024-01-30T15:09:02 IST" duration-ms="2" status="PASS">
          <reporter-output>
          </reporter-output>
        </test-method> <!-- afterMethod -->
        <test-method is-config="true" signature="afterClass()[pri:0, instance:Pac_2_Testng.Assignment_casestudy2@790da477]" started-at="2024-01-30T15:09:02 IST" name="afterClass" finished-at="2024-01-30T15:09:02 IST" duration-ms="2" status="PASS">
          <reporter-output>
          </reporter-output>
        </test-method> <!-- afterClass -->
        <test-method is-config="true" signature="afterTest()[pri:0, instance:Pac_2_Testng.Assignment_casestudy2@790da477]" started-at="2024-01-30T15:09:02 IST" name="afterTest" finished-at="2024-01-30T15:09:02 IST" duration-ms="1" status="PASS">
          <reporter-output>
          </reporter-output>
        </test-method> <!-- afterTest -->
        <test-method is-config="true" signature="afterSuite()[pri:0, instance:Pac_2_Testng.Assignment_casestudy2@790da477]" started-at="2024-01-30T15:09:02 IST" name="afterSuite" finished-at="2024-01-30T15:09:02 IST" duration-ms="2" status="PASS">
          <reporter-output>
          </reporter-output>
        </test-method> <!-- afterSuite -->
      </class> <!-- Pac_2_Testng.Assignment_casestudy2 -->
    </test> <!-- Edge_Test -->
  </suite> <!-- Suite -->
</testng-results>
